# JRE version: Java(TM) SE Runtime Environment (19.0.2+7) (build 19.0.2+7-44)
# Java VM: Java HotSpot(TM) 64-Bit Server VM (19.0.2+7-44, mixed mode, sharing, tiered, compressed oops, compressed class ptrs, g1 gc, bsd-aarch64)
GC Precious Log:
 CardTable entry size: 512
 Card Set container configuration: InlinePtr #cards 4 size 8 Array Of Cards #cards 16 size 48 Howl #buckets 8 coarsen threshold 3686 Howl Bitmap #cards 512 size 80 coarsen threshold 460 Card regions per heap region 1 cards per card region 4096
 CPUs: 8 total, 8 available
 Memory: 16384M
 Large Page Support: Disabled
 NUMA Support: Disabled
 Compressed Oops: Enabled (Zero based)
 Heap Region Size: 2M
 Heap Min Capacity: 8M
 Heap Initial Capacity: 256M
 Heap Max Capacity: 4G
 Pre-touch: Disabled
 Parallel Workers: 8
 Concurrent Workers: 2
 Concurrent Refinement Workers: 8
 Periodic GC: Disabled
Heap:
 garbage-first heap   total 63488K, used 32552K [0x0000000700000000, 0x0000000800000000)
  region size 2048K, 11 young (22528K), 1 survivors (2048K)
 Metaspace       used 26012K, committed 26304K, reserved 1114112K
  class space    used 2614K, committed 2752K, reserved 1048576K
GC Heap History (10 events):
Event: 4.344 GC heap before
{Heap before GC invocations=0 (full 0):
 garbage-first heap   total 266240K, used 22496K [0x0000000700000000, 0x0000000800000000)
  region size 2048K, 11 young (22528K), 0 survivors (0K)
 Metaspace       used 3602K, committed 3840K, reserved 1114112K
  class space    used 319K, committed 448K, reserved 1048576K
}
Event: 4.345 GC heap after
{Heap after GC invocations=1 (full 0):
 garbage-first heap   total 266240K, used 7838K [0x0000000700000000, 0x0000000800000000)
  region size 2048K, 2 young (4096K), 2 survivors (4096K)
 Metaspace       used 3602K, committed 3840K, reserved 1114112K
  class space    used 319K, committed 448K, reserved 1048576K
}
Event: 4.655 GC heap before
{Heap before GC invocations=1 (full 0):
 garbage-first heap   total 266240K, used 48798K [0x0000000700000000, 0x0000000800000000)
  region size 2048K, 22 young (45056K), 2 survivors (4096K)
 Metaspace       used 16819K, committed 16960K, reserved 1114112K
  class space    used 1536K, committed 1600K, reserved 1048576K
}
Event: 4.657 GC heap after
{Heap after GC invocations=2 (full 0):
 garbage-first heap   total 266240K, used 10759K [0x0000000700000000, 0x0000000800000000)
  region size 2048K, 2 young (4096K), 2 survivors (4096K)
 Metaspace       used 16819K, committed 16960K, reserved 1114112K
  class space    used 1536K, committed 1600K, reserved 1048576K
}
Event: 4.851 GC heap before
{Heap before GC invocations=2 (full 0):
 garbage-first heap   total 266240K, used 29191K [0x0000000700000000, 0x0000000800000000)
  region size 2048K, 12 young (24576K), 2 survivors (4096K)
 Metaspace       used 21269K, committed 21504K, reserved 1114112K
  class space    used 2105K, committed 2240K, reserved 1048576K
}
Event: 4.853 GC heap after
{Heap after GC invocations=3 (full 0):
 garbage-first heap   total 266240K, used 11749K [0x0000000700000000, 0x0000000800000000)
  region size 2048K, 2 young (4096K), 2 survivors (4096K)
 Metaspace       used 21269K, committed 21504K, reserved 1114112K
  class space    used 2105K, committed 2240K, reserved 1048576K
}
Event: 5.134 GC heap before
{Heap before GC invocations=4 (full 0):
 garbage-first heap   total 55296K, used 50661K [0x0000000700000000, 0x0000000800000000)
  region size 2048K, 22 young (45056K), 2 survivors (4096K)
 Metaspace       used 25601K, committed 25856K, reserved 1114112K
  class space    used 2577K, committed 2688K, reserved 1048576K
}
Event: 5.136 GC heap after
{Heap after GC invocations=5 (full 0):
 garbage-first heap   total 63488K, used 15932K [0x0000000700000000, 0x0000000800000000)
  region size 2048K, 4 young (8192K), 4 survivors (8192K)
 Metaspace       used 25601K, committed 25856K, reserved 1114112K
  class space    used 2577K, committed 2688K, reserved 1048576K
}
Event: 5.136 GC heap before
{Heap before GC invocations=5 (full 0):
 garbage-first heap   total 63488K, used 17980K [0x0000000700000000, 0x0000000800000000)
  region size 2048K, 5 young (10240K), 4 survivors (8192K)
 Metaspace       used 25602K, committed 25856K, reserved 1114112K
  class space    used 2577K, committed 2688K, reserved 1048576K
}
Event: 5.139 GC heap after
{Heap after GC invocations=6 (full 0):
 garbage-first heap   total 63488K, used 16168K [0x0000000700000000, 0x0000000800000000)
  region size 2048K, 1 young (2048K), 1 survivors (2048K)
 Metaspace       used 25602K, committed 25856K, reserved 1114112K
  class space    used 2577K, committed 2688K, reserved 1048576K
}

