# JRE version: Java(TM) SE Runtime Environment (19.0.2+7) (build 19.0.2+7-44)
# Java VM: Java HotSpot(TM) 64-Bit Server VM (19.0.2+7-44, mixed mode, sharing, tiered, compressed oops, compressed class ptrs, g1 gc, bsd-aarch64)
GC Precious Log:
 CardTable entry size: 512
 Card Set container configuration: InlinePtr #cards 4 size 8 Array Of Cards #cards 16 size 48 Howl #buckets 8 coarsen threshold 3686 Howl Bitmap #cards 512 size 80 coarsen threshold 460 Card regions per heap region 1 cards per card region 4096
 CPUs: 8 total, 8 available
 Memory: 16384M
 Large Page Support: Disabled
 NUMA Support: Disabled
 Compressed Oops: Enabled (Zero based)
 Heap Region Size: 2M
 Heap Min Capacity: 8M
 Heap Initial Capacity: 256M
 Heap Max Capacity: 4G
 Pre-touch: Disabled
 Parallel Workers: 8
 Concurrent Workers: 2
 Concurrent Refinement Workers: 8
 Periodic GC: Disabled
Heap:
 garbage-first heap   total 69632K, used 40324K [0x0000000700000000, 0x0000000800000000)
  region size 2048K, 13 young (26624K), 1 survivors (2048K)
 Metaspace       used 26251K, committed 26560K, reserved 1114112K
  class space    used 2648K, committed 2752K, reserved 1048576K
GC Heap History (10 events):
Event: 4.810 GC heap before
{Heap before GC invocations=0 (full 0):
 garbage-first heap   total 266240K, used 22496K [0x0000000700000000, 0x0000000800000000)
  region size 2048K, 11 young (22528K), 0 survivors (0K)
 Metaspace       used 3675K, committed 3840K, reserved 1114112K
  class space    used 329K, committed 448K, reserved 1048576K
}
Event: 4.813 GC heap after
{Heap after GC invocations=1 (full 0):
 garbage-first heap   total 266240K, used 7788K [0x0000000700000000, 0x0000000800000000)
  region size 2048K, 2 young (4096K), 2 survivors (4096K)
 Metaspace       used 3675K, committed 3840K, reserved 1114112K
  class space    used 329K, committed 448K, reserved 1048576K
}
Event: 5.118 GC heap before
{Heap before GC invocations=1 (full 0):
 garbage-first heap   total 266240K, used 46700K [0x0000000700000000, 0x0000000800000000)
  region size 2048K, 22 young (45056K), 2 survivors (4096K)
 Metaspace       used 16985K, committed 17216K, reserved 1114112K
  class space    used 1546K, committed 1664K, reserved 1048576K
}
Event: 5.121 GC heap after
{Heap after GC invocations=2 (full 0):
 garbage-first heap   total 266240K, used 11039K [0x0000000700000000, 0x0000000800000000)
  region size 2048K, 2 young (4096K), 2 survivors (4096K)
 Metaspace       used 16985K, committed 17216K, reserved 1114112K
  class space    used 1546K, committed 1664K, reserved 1048576K
}
Event: 5.338 GC heap before
{Heap before GC invocations=2 (full 0):
 garbage-first heap   total 266240K, used 27423K [0x0000000700000000, 0x0000000800000000)
  region size 2048K, 11 young (22528K), 2 survivors (4096K)
 Metaspace       used 21272K, committed 21504K, reserved 1114112K
  class space    used 2123K, committed 2240K, reserved 1048576K
}
Event: 5.340 GC heap after
{Heap after GC invocations=3 (full 0):
 garbage-first heap   total 266240K, used 12233K [0x0000000700000000, 0x0000000800000000)
  region size 2048K, 3 young (6144K), 3 survivors (6144K)
 Metaspace       used 21272K, committed 21504K, reserved 1114112K
  class space    used 2123K, committed 2240K, reserved 1048576K
}
Event: 5.783 GC heap before
{Heap before GC invocations=4 (full 0):
 garbage-first heap   total 69632K, used 45001K [0x0000000700000000, 0x0000000800000000)
  region size 2048K, 20 young (40960K), 3 survivors (6144K)
 Metaspace       used 25384K, committed 25664K, reserved 1114112K
  class space    used 2548K, committed 2688K, reserved 1048576K
}
Event: 5.788 GC heap after
{Heap after GC invocations=5 (full 0):
 garbage-first heap   total 69632K, used 17864K [0x0000000700000000, 0x0000000800000000)
  region size 2048K, 3 young (6144K), 3 survivors (6144K)
 Metaspace       used 25384K, committed 25664K, reserved 1114112K
  class space    used 2548K, committed 2688K, reserved 1048576K
}
Event: 5.803 GC heap before
{Heap before GC invocations=5 (full 0):
 garbage-first heap   total 69632K, used 19912K [0x0000000700000000, 0x0000000800000000)
  region size 2048K, 4 young (8192K), 3 survivors (6144K)
 Metaspace       used 25384K, committed 25664K, reserved 1114112K
  class space    used 2548K, committed 2688K, reserved 1048576K
}
Event: 5.806 GC heap after
{Heap after GC invocations=6 (full 0):
 garbage-first heap   total 69632K, used 17796K [0x0000000700000000, 0x0000000800000000)
  region size 2048K, 1 young (2048K), 1 survivors (2048K)
 Metaspace       used 25384K, committed 25664K, reserved 1114112K
  class space    used 2548K, committed 2688K, reserved 1048576K
}

