# JRE version: Java(TM) SE Runtime Environment (19.0.2+7) (build 19.0.2+7-44)
# Java VM: Java HotSpot(TM) 64-Bit Server VM (19.0.2+7-44, mixed mode, sharing, tiered, compressed oops, compressed class ptrs, g1 gc, bsd-aarch64)
GC Precious Log:
 CardTable entry size: 512
 Card Set container configuration: InlinePtr #cards 4 size 8 Array Of Cards #cards 16 size 48 Howl #buckets 8 coarsen threshold 3686 Howl Bitmap #cards 512 size 80 coarsen threshold 460 Card regions per heap region 1 cards per card region 4096
 CPUs: 8 total, 8 available
 Memory: 16384M
 Large Page Support: Disabled
 NUMA Support: Disabled
 Compressed Oops: Enabled (Zero based)
 Heap Region Size: 2M
 Heap Min Capacity: 8M
 Heap Initial Capacity: 256M
 Heap Max Capacity: 4G
 Pre-touch: Disabled
 Parallel Workers: 8
 Concurrent Workers: 2
 Concurrent Refinement Workers: 8
 Periodic GC: Disabled
Heap:
 garbage-first heap   total 73728K, used 32637K [0x0000000700000000, 0x0000000800000000)
  region size 2048K, 8 young (16384K), 1 survivors (2048K)
 Metaspace       used 26038K, committed 26368K, reserved 1114112K
  class space    used 2614K, committed 2752K, reserved 1048576K
GC Heap History (10 events):
Event: 5.357 GC heap before
{Heap before GC invocations=0 (full 0):
 garbage-first heap   total 266240K, used 22496K [0x0000000700000000, 0x0000000800000000)
  region size 2048K, 11 young (22528K), 0 survivors (0K)
 Metaspace       used 3652K, committed 3904K, reserved 1114112K
  class space    used 326K, committed 448K, reserved 1048576K
}
Event: 5.365 GC heap after
{Heap after GC invocations=1 (full 0):
 garbage-first heap   total 266240K, used 7696K [0x0000000700000000, 0x0000000800000000)
  region size 2048K, 2 young (4096K), 2 survivors (4096K)
 Metaspace       used 3652K, committed 3904K, reserved 1114112K
  class space    used 326K, committed 448K, reserved 1048576K
}
Event: 5.649 GC heap before
{Heap before GC invocations=1 (full 0):
 garbage-first heap   total 266240K, used 44560K [0x0000000700000000, 0x0000000800000000)
  region size 2048K, 21 young (43008K), 2 survivors (4096K)
 Metaspace       used 16466K, committed 16576K, reserved 1114112K
  class space    used 1493K, committed 1536K, reserved 1048576K
}
Event: 5.652 GC heap after
{Heap after GC invocations=2 (full 0):
 garbage-first heap   total 266240K, used 10692K [0x0000000700000000, 0x0000000800000000)
  region size 2048K, 2 young (4096K), 2 survivors (4096K)
 Metaspace       used 16466K, committed 16576K, reserved 1114112K
  class space    used 1493K, committed 1536K, reserved 1048576K
}
Event: 5.891 GC heap before
{Heap before GC invocations=2 (full 0):
 garbage-first heap   total 266240K, used 29124K [0x0000000700000000, 0x0000000800000000)
  region size 2048K, 13 young (26624K), 2 survivors (4096K)
 Metaspace       used 21261K, committed 21504K, reserved 1114112K
  class space    used 2111K, committed 2240K, reserved 1048576K
}
Event: 5.893 GC heap after
{Heap after GC invocations=3 (full 0):
 garbage-first heap   total 266240K, used 11768K [0x0000000700000000, 0x0000000800000000)
  region size 2048K, 2 young (4096K), 2 survivors (4096K)
 Metaspace       used 21261K, committed 21504K, reserved 1114112K
  class space    used 2111K, committed 2240K, reserved 1048576K
}
Event: 6.200 GC heap before
{Heap before GC invocations=4 (full 0):
 garbage-first heap   total 61440K, used 54776K [0x0000000700000000, 0x0000000800000000)
  region size 2048K, 24 young (49152K), 2 survivors (4096K)
 Metaspace       used 25641K, committed 25920K, reserved 1114112K
  class space    used 2577K, committed 2688K, reserved 1048576K
}
Event: 6.204 GC heap after
{Heap after GC invocations=5 (full 0):
 garbage-first heap   total 73728K, used 20243K [0x0000000700000000, 0x0000000800000000)
  region size 2048K, 3 young (6144K), 3 survivors (6144K)
 Metaspace       used 25641K, committed 25920K, reserved 1114112K
  class space    used 2577K, committed 2688K, reserved 1048576K
}
Event: 6.222 GC heap before
{Heap before GC invocations=5 (full 0):
 garbage-first heap   total 73728K, used 22291K [0x0000000700000000, 0x0000000800000000)
  region size 2048K, 4 young (8192K), 3 survivors (6144K)
 Metaspace       used 25688K, committed 25984K, reserved 1114112K
  class space    used 2582K, committed 2752K, reserved 1048576K
}
Event: 6.223 GC heap after
{Heap after GC invocations=6 (full 0):
 garbage-first heap   total 73728K, used 20349K [0x0000000700000000, 0x0000000800000000)
  region size 2048K, 1 young (2048K), 1 survivors (2048K)
 Metaspace       used 25688K, committed 25984K, reserved 1114112K
  class space    used 2582K, committed 2752K, reserved 1048576K
}

