# JRE version: Java(TM) SE Runtime Environment (19.0.2+7) (build 19.0.2+7-44)
# Java VM: Java HotSpot(TM) 64-Bit Server VM (19.0.2+7-44, mixed mode, sharing, tiered, compressed oops, compressed class ptrs, g1 gc, bsd-aarch64)
GC Precious Log:
 CardTable entry size: 512
 Card Set container configuration: InlinePtr #cards 4 size 8 Array Of Cards #cards 16 size 48 Howl #buckets 8 coarsen threshold 3686 Howl Bitmap #cards 512 size 80 coarsen threshold 460 Card regions per heap region 1 cards per card region 4096
 CPUs: 8 total, 8 available
 Memory: 16384M
 Large Page Support: Disabled
 NUMA Support: Disabled
 Compressed Oops: Enabled (Zero based)
 Heap Region Size: 2M
 Heap Min Capacity: 8M
 Heap Initial Capacity: 256M
 Heap Max Capacity: 4G
 Pre-touch: Disabled
 Parallel Workers: 8
 Concurrent Workers: 2
 Concurrent Refinement Workers: 8
 Periodic GC: Disabled
Heap:
 garbage-first heap   total 75776K, used 24246K [0x0000000700000000, 0x0000000800000000)
  region size 2048K, 4 young (8192K), 1 survivors (2048K)
 Metaspace       used 23701K, committed 23936K, reserved 1114112K
  class space    used 2362K, committed 2496K, reserved 1048576K
GC Heap History (10 events):
Event: 4.243 GC heap before
{Heap before GC invocations=0 (full 0):
 garbage-first heap   total 266240K, used 22496K [0x0000000700000000, 0x0000000800000000)
  region size 2048K, 11 young (22528K), 0 survivors (0K)
 Metaspace       used 3377K, committed 3584K, reserved 1114112K
  class space    used 299K, committed 384K, reserved 1048576K
}
Event: 4.248 GC heap after
{Heap after GC invocations=1 (full 0):
 garbage-first heap   total 266240K, used 7732K [0x0000000700000000, 0x0000000800000000)
  region size 2048K, 2 young (4096K), 2 survivors (4096K)
 Metaspace       used 3377K, committed 3584K, reserved 1114112K
  class space    used 299K, committed 384K, reserved 1048576K
}
Event: 4.666 GC heap before
{Heap before GC invocations=1 (full 0):
 garbage-first heap   total 266240K, used 46644K [0x0000000700000000, 0x0000000800000000)
  region size 2048K, 22 young (45056K), 2 survivors (4096K)
 Metaspace       used 17835K, committed 17984K, reserved 1114112K
  class space    used 1717K, committed 1792K, reserved 1048576K
}
Event: 4.669 GC heap after
{Heap after GC invocations=2 (full 0):
 garbage-first heap   total 266240K, used 11577K [0x0000000700000000, 0x0000000800000000)
  region size 2048K, 3 young (6144K), 3 survivors (6144K)
 Metaspace       used 17835K, committed 17984K, reserved 1114112K
  class space    used 1717K, committed 1792K, reserved 1048576K
}
Event: 4.808 GC heap before
{Heap before GC invocations=2 (full 0):
 garbage-first heap   total 266240K, used 23865K [0x0000000700000000, 0x0000000800000000)
  region size 2048K, 11 young (22528K), 3 survivors (6144K)
 Metaspace       used 21322K, committed 21504K, reserved 1114112K
  class space    used 2062K, committed 2176K, reserved 1048576K
}
Event: 4.810 GC heap after
{Heap after GC invocations=3 (full 0):
 garbage-first heap   total 266240K, used 12173K [0x0000000700000000, 0x0000000800000000)
  region size 2048K, 3 young (6144K), 3 survivors (6144K)
 Metaspace       used 21322K, committed 21504K, reserved 1114112K
  class space    used 2062K, committed 2176K, reserved 1048576K
}
Event: 5.196 GC heap before
{Heap before GC invocations=4 (full 0):
 garbage-first heap   total 75776K, used 51085K [0x0000000700000000, 0x0000000800000000)
  region size 2048K, 22 young (45056K), 3 survivors (6144K)
 Metaspace       used 23651K, committed 23936K, reserved 1114112K
  class space    used 2362K, committed 2496K, reserved 1048576K
}
Event: 5.202 GC heap after
{Heap after GC invocations=5 (full 0):
 garbage-first heap   total 75776K, used 22545K [0x0000000700000000, 0x0000000800000000)
  region size 2048K, 3 young (6144K), 3 survivors (6144K)
 Metaspace       used 23651K, committed 23936K, reserved 1114112K
  class space    used 2362K, committed 2496K, reserved 1048576K
}
Event: 5.209 GC heap before
{Heap before GC invocations=5 (full 0):
 garbage-first heap   total 75776K, used 24593K [0x0000000700000000, 0x0000000800000000)
  region size 2048K, 4 young (8192K), 3 survivors (6144K)
 Metaspace       used 23663K, committed 23936K, reserved 1114112K
  class space    used 2362K, committed 2496K, reserved 1048576K
}
Event: 5.211 GC heap after
{Heap after GC invocations=6 (full 0):
 garbage-first heap   total 75776K, used 22198K [0x0000000700000000, 0x0000000800000000)
  region size 2048K, 1 young (2048K), 1 survivors (2048K)
 Metaspace       used 23663K, committed 23936K, reserved 1114112K
  class space    used 2362K, committed 2496K, reserved 1048576K
}

