# JRE version: Java(TM) SE Runtime Environment (19.0.2+7) (build 19.0.2+7-44)
# Java VM: Java HotSpot(TM) 64-Bit Server VM (19.0.2+7-44, mixed mode, sharing, tiered, compressed oops, compressed class ptrs, g1 gc, bsd-aarch64)
GC Precious Log:
 CardTable entry size: 512
 Card Set container configuration: InlinePtr #cards 4 size 8 Array Of Cards #cards 16 size 48 Howl #buckets 8 coarsen threshold 3686 Howl Bitmap #cards 512 size 80 coarsen threshold 460 Card regions per heap region 1 cards per card region 4096
 CPUs: 8 total, 8 available
 Memory: 16384M
 Large Page Support: Disabled
 NUMA Support: Disabled
 Compressed Oops: Enabled (Zero based)
 Heap Region Size: 2M
 Heap Min Capacity: 8M
 Heap Initial Capacity: 256M
 Heap Max Capacity: 4G
 Pre-touch: Disabled
 Parallel Workers: 8
 Concurrent Workers: 2
 Concurrent Refinement Workers: 8
 Periodic GC: Disabled
Heap:
 garbage-first heap   total 65536K, used 31727K [0x0000000700000000, 0x0000000800000000)
  region size 2048K, 11 young (22528K), 1 survivors (2048K)
 Metaspace       used 26095K, committed 26368K, reserved 1114112K
  class space    used 2620K, committed 2752K, reserved 1048576K
GC Heap History (10 events):
Event: 5.241 GC heap before
{Heap before GC invocations=0 (full 0):
 garbage-first heap   total 266240K, used 22496K [0x0000000700000000, 0x0000000800000000)
  region size 2048K, 11 young (22528K), 0 survivors (0K)
 Metaspace       used 3975K, committed 4160K, reserved 1114112K
  class space    used 377K, committed 448K, reserved 1048576K
}
Event: 5.243 GC heap after
{Heap after GC invocations=1 (full 0):
 garbage-first heap   total 266240K, used 8183K [0x0000000700000000, 0x0000000800000000)
  region size 2048K, 2 young (4096K), 2 survivors (4096K)
 Metaspace       used 3975K, committed 4160K, reserved 1114112K
  class space    used 377K, committed 448K, reserved 1048576K
}
Event: 5.542 GC heap before
{Heap before GC invocations=1 (full 0):
 garbage-first heap   total 266240K, used 49143K [0x0000000700000000, 0x0000000800000000)
  region size 2048K, 22 young (45056K), 2 survivors (4096K)
 Metaspace       used 17216K, committed 17472K, reserved 1114112K
  class space    used 1586K, committed 1728K, reserved 1048576K
}
Event: 5.545 GC heap after
{Heap after GC invocations=2 (full 0):
 garbage-first heap   total 266240K, used 10786K [0x0000000700000000, 0x0000000800000000)
  region size 2048K, 2 young (4096K), 2 survivors (4096K)
 Metaspace       used 17216K, committed 17472K, reserved 1114112K
  class space    used 1586K, committed 1728K, reserved 1048576K
}
Event: 5.755 GC heap before
{Heap before GC invocations=2 (full 0):
 garbage-first heap   total 266240K, used 29218K [0x0000000700000000, 0x0000000800000000)
  region size 2048K, 12 young (24576K), 2 survivors (4096K)
 Metaspace       used 21261K, committed 21504K, reserved 1114112K
  class space    used 2116K, committed 2240K, reserved 1048576K
}
Event: 5.757 GC heap after
{Heap after GC invocations=3 (full 0):
 garbage-first heap   total 266240K, used 11710K [0x0000000700000000, 0x0000000800000000)
  region size 2048K, 2 young (4096K), 2 survivors (4096K)
 Metaspace       used 21261K, committed 21504K, reserved 1114112K
  class space    used 2116K, committed 2240K, reserved 1048576K
}
Event: 6.003 GC heap before
{Heap before GC invocations=4 (full 0):
 garbage-first heap   total 55296K, used 50622K [0x0000000700000000, 0x0000000800000000)
  region size 2048K, 22 young (45056K), 2 survivors (4096K)
 Metaspace       used 25638K, committed 25920K, reserved 1114112K
  class space    used 2574K, committed 2688K, reserved 1048576K
}
Event: 6.005 GC heap after
{Heap after GC invocations=5 (full 0):
 garbage-first heap   total 65536K, used 16292K [0x0000000700000000, 0x0000000800000000)
  region size 2048K, 5 young (10240K), 5 survivors (10240K)
 Metaspace       used 25638K, committed 25920K, reserved 1114112K
  class space    used 2574K, committed 2688K, reserved 1048576K
}
Event: 6.005 GC heap before
{Heap before GC invocations=5 (full 0):
 garbage-first heap   total 65536K, used 18340K [0x0000000700000000, 0x0000000800000000)
  region size 2048K, 6 young (12288K), 5 survivors (10240K)
 Metaspace       used 25654K, committed 25920K, reserved 1114112K
  class space    used 2576K, committed 2688K, reserved 1048576K
}
Event: 6.008 GC heap after
{Heap after GC invocations=6 (full 0):
 garbage-first heap   total 65536K, used 15343K [0x0000000700000000, 0x0000000800000000)
  region size 2048K, 1 young (2048K), 1 survivors (2048K)
 Metaspace       used 25654K, committed 25920K, reserved 1114112K
  class space    used 2576K, committed 2688K, reserved 1048576K
}

